c:\users\alexa\labcgi\proyectolabfinal\proyectolabfinal\debug\vc141.pdb
c:\users\alexa\labcgi\proyectolabfinal\proyectolabfinal\debug\vc141.idb
c:\users\alexa\labcgi\proyectolabfinal\proyectolabfinal\debug\timemanager.obj
c:\users\alexa\labcgi\proyectolabfinal\proyectolabfinal\debug\texture.obj
c:\users\alexa\labcgi\proyectolabfinal\proyectolabfinal\debug\sphere.obj
c:\users\alexa\labcgi\proyectolabfinal\proyectolabfinal\debug\shader.obj
c:\users\alexa\labcgi\proyectolabfinal\proyectolabfinal\debug\model.obj
c:\users\alexa\labcgi\proyectolabfinal\proyectolabfinal\debug\mesh.obj
c:\users\alexa\labcgi\proyectolabfinal\proyectolabfinal\debug\main.obj
c:\users\alexa\labcgi\proyectolabfinal\proyectolabfinal\debug\firstpersoncamera.obj
c:\users\alexa\labcgi\proyectolabfinal\proyectolabfinal\debug\cylinder.obj
c:\users\alexa\labcgi\proyectolabfinal\proyectolabfinal\debug\box.obj
c:\users\alexa\labcgi\proyectolabfinal\debug\proyectolabfinal.exe
c:\users\alexa\labcgi\proyectolabfinal\debug\proyectolabfinal.ilk
c:\users\alexa\labcgi\proyectolabfinal\debug\proyectolabfinal.pdb
c:\users\alexa\labcgi\proyectolabfinal\proyectolabfinal\debug\proyectolabfinal.tlog\cl.command.1.tlog
c:\users\alexa\labcgi\proyectolabfinal\proyectolabfinal\debug\proyectolabfinal.tlog\cl.read.1.tlog
c:\users\alexa\labcgi\proyectolabfinal\proyectolabfinal\debug\proyectolabfinal.tlog\cl.write.1.tlog
c:\users\alexa\labcgi\proyectolabfinal\proyectolabfinal\debug\proyectolabfinal.tlog\link.command.1.tlog
c:\users\alexa\labcgi\proyectolabfinal\proyectolabfinal\debug\proyectolabfinal.tlog\link.read.1.tlog
c:\users\alexa\labcgi\proyectolabfinal\proyectolabfinal\debug\proyectolabfinal.tlog\link.write.1.tlog
